# JRE version: Java(TM) SE Runtime Environment (17.0.11+7) (build 17.0.11+7-LTS-207)
# Java VM: Java HotSpot(TM) 64-Bit Server VM (17.0.11+7-LTS-207, mixed mode, sharing, tiered, compressed oops, compressed class ptrs, g1 gc, windows-amd64)
GC Precious Log:
 CPUs: 16 total, 16 available
 Memory: 16077M
 Large Page Support: Disabled
 NUMA Support: Disabled
 Compressed Oops: Enabled (Zero based)
 Heap Region Size: 2M
 Heap Min Capacity: 8M
 Heap Initial Capacity: 252M
 Heap Max Capacity: 4020M
 Pre-touch: Disabled
 Parallel Workers: 13
 Concurrent Workers: 3
 Concurrent Refinement Workers: 13
 Periodic GC: Disabled
Heap:
 garbage-first heap   total 159744K, used 37854K [0x0000000704c00000, 0x0000000800000000)
  region size 2048K, 6 young (12288K), 1 survivors (2048K)
 Metaspace       used 31653K, committed 32000K, reserved 1114112K
  class space    used 4309K, committed 4480K, reserved 1048576K
GC Heap History (18 events):
Event: 0.508 GC heap before
{Heap before GC invocations=0 (full 0):
 garbage-first heap   total 258048K, used 22528K [0x0000000704c00000, 0x0000000800000000)
  region size 2048K, 11 young (22528K), 0 survivors (0K)
 Metaspace       used 5472K, committed 5696K, reserved 1114112K
  class space    used 655K, committed 768K, reserved 1048576K
}
Event: 0.512 GC heap after
{Heap after GC invocations=1 (full 0):
 garbage-first heap   total 258048K, used 3783K [0x0000000704c00000, 0x0000000800000000)
  region size 2048K, 2 young (4096K), 2 survivors (4096K)
 Metaspace       used 5472K, committed 5696K, reserved 1114112K
  class space    used 655K, committed 768K, reserved 1048576K
}
Event: 0.915 GC heap before
{Heap before GC invocations=1 (full 0):
 garbage-first heap   total 258048K, used 36551K [0x0000000704c00000, 0x0000000800000000)
  region size 2048K, 18 young (36864K), 2 survivors (4096K)
 Metaspace       used 9787K, committed 9984K, reserved 1114112K
  class space    used 1185K, committed 1280K, reserved 1048576K
}
Event: 0.919 GC heap after
{Heap after GC invocations=2 (full 0):
 garbage-first heap   total 258048K, used 5430K [0x0000000704c00000, 0x0000000800000000)
  region size 2048K, 1 young (2048K), 1 survivors (2048K)
 Metaspace       used 9787K, committed 9984K, reserved 1114112K
  class space    used 1185K, committed 1280K, reserved 1048576K
}
Event: 2.382 GC heap before
{Heap before GC invocations=2 (full 0):
 garbage-first heap   total 258048K, used 95542K [0x0000000704c00000, 0x0000000800000000)
  region size 2048K, 46 young (94208K), 1 survivors (2048K)
 Metaspace       used 21302K, committed 21504K, reserved 1114112K
  class space    used 2582K, committed 2688K, reserved 1048576K
}
Event: 2.391 GC heap after
{Heap after GC invocations=3 (full 0):
 garbage-first heap   total 258048K, used 12920K [0x0000000704c00000, 0x0000000800000000)
  region size 2048K, 5 young (10240K), 5 survivors (10240K)
 Metaspace       used 21302K, committed 21504K, reserved 1114112K
  class space    used 2582K, committed 2688K, reserved 1048576K
}
Event: 2.725 GC heap before
{Heap before GC invocations=4 (full 0):
 garbage-first heap   total 55296K, used 33400K [0x0000000704c00000, 0x0000000800000000)
  region size 2048K, 16 young (32768K), 5 survivors (10240K)
 Metaspace       used 24874K, committed 25152K, reserved 1114112K
  class space    used 3258K, committed 3392K, reserved 1048576K
}
Event: 2.733 GC heap after
{Heap after GC invocations=5 (full 0):
 garbage-first heap   total 55296K, used 19670K [0x0000000704c00000, 0x0000000800000000)
  region size 2048K, 2 young (4096K), 2 survivors (4096K)
 Metaspace       used 24874K, committed 25152K, reserved 1114112K
  class space    used 3258K, committed 3392K, reserved 1048576K
}
Event: 2.751 GC heap before
{Heap before GC invocations=5 (full 0):
 garbage-first heap   total 55296K, used 21718K [0x0000000704c00000, 0x0000000800000000)
  region size 2048K, 3 young (6144K), 2 survivors (4096K)
 Metaspace       used 24879K, committed 25152K, reserved 1114112K
  class space    used 3260K, committed 3392K, reserved 1048576K
}
Event: 2.753 GC heap after
{Heap after GC invocations=6 (full 0):
 garbage-first heap   total 55296K, used 22423K [0x0000000704c00000, 0x0000000800000000)
  region size 2048K, 1 young (2048K), 1 survivors (2048K)
 Metaspace       used 24879K, committed 25152K, reserved 1114112K
  class space    used 3260K, committed 3392K, reserved 1048576K
}
Event: 3.083 GC heap before
{Heap before GC invocations=6 (full 0):
 garbage-first heap   total 55296K, used 34711K [0x0000000704c00000, 0x0000000800000000)
  region size 2048K, 8 young (16384K), 1 survivors (2048K)
 Metaspace       used 27149K, committed 27520K, reserved 1114112K
  class space    used 3608K, committed 3776K, reserved 1048576K
}
Event: 3.086 GC heap after
{Heap after GC invocations=7 (full 0):
 garbage-first heap   total 55296K, used 27917K [0x0000000704c00000, 0x0000000800000000)
  region size 2048K, 1 young (2048K), 1 survivors (2048K)
 Metaspace       used 27149K, committed 27520K, reserved 1114112K
  class space    used 3608K, committed 3776K, reserved 1048576K
}
Event: 3.115 GC heap before
{Heap before GC invocations=7 (full 0):
 garbage-first heap   total 55296K, used 27917K [0x0000000704c00000, 0x0000000800000000)
  region size 2048K, 2 young (4096K), 1 survivors (2048K)
 Metaspace       used 27497K, committed 27776K, reserved 1114112K
  class space    used 3645K, committed 3776K, reserved 1048576K
}
Event: 3.117 GC heap after
{Heap after GC invocations=8 (full 0):
 garbage-first heap   total 55296K, used 28696K [0x0000000704c00000, 0x0000000800000000)
  region size 2048K, 1 young (2048K), 1 survivors (2048K)
 Metaspace       used 27497K, committed 27776K, reserved 1114112K
  class space    used 3645K, committed 3776K, reserved 1048576K
}
Event: 4.626 GC heap before
{Heap before GC invocations=9 (full 0):
 garbage-first heap   total 59392K, used 36888K [0x0000000704c00000, 0x0000000800000000)
  region size 2048K, 5 young (10240K), 1 survivors (2048K)
 Metaspace       used 29317K, committed 29632K, reserved 1114112K
  class space    used 4074K, committed 4224K, reserved 1048576K
}
Event: 4.628 GC heap after
{Heap after GC invocations=10 (full 0):
 garbage-first heap   total 159744K, used 32059K [0x0000000704c00000, 0x0000000800000000)
  region size 2048K, 1 young (2048K), 1 survivors (2048K)
 Metaspace       used 29317K, committed 29632K, reserved 1114112K
  class space    used 4074K, committed 4224K, reserved 1048576K
}
Event: 4.725 GC heap before
{Heap before GC invocations=10 (full 0):
 garbage-first heap   total 159744K, used 36155K [0x0000000704c00000, 0x0000000800000000)
  region size 2048K, 3 young (6144K), 1 survivors (2048K)
 Metaspace       used 30241K, committed 30528K, reserved 1114112K
  class space    used 4256K, committed 4416K, reserved 1048576K
}
Event: 4.728 GC heap after
{Heap after GC invocations=11 (full 0):
 garbage-first heap   total 159744K, used 29662K [0x0000000704c00000, 0x0000000800000000)
  region size 2048K, 1 young (2048K), 1 survivors (2048K)
 Metaspace       used 30241K, committed 30528K, reserved 1114112K
  class space    used 4256K, committed 4416K, reserved 1048576K
}

