# JRE version: Java(TM) SE Runtime Environment (17.0.11+7) (build 17.0.11+7-LTS-207)
# Java VM: Java HotSpot(TM) 64-Bit Server VM (17.0.11+7-LTS-207, mixed mode, sharing, tiered, compressed oops, compressed class ptrs, g1 gc, windows-amd64)
GC Precious Log:
 CPUs: 16 total, 16 available
 Memory: 16077M
 Large Page Support: Disabled
 NUMA Support: Disabled
 Compressed Oops: Enabled (Zero based)
 Heap Region Size: 2M
 Heap Min Capacity: 8M
 Heap Initial Capacity: 252M
 Heap Max Capacity: 4020M
 Pre-touch: Disabled
 Parallel Workers: 13
 Concurrent Workers: 3
 Concurrent Refinement Workers: 13
 Periodic GC: Disabled
Heap:
 garbage-first heap   total 157696K, used 79117K [0x0000000704c00000, 0x0000000800000000)
  region size 2048K, 25 young (51200K), 1 survivors (2048K)
 Metaspace       used 31922K, committed 32256K, reserved 1114112K
  class space    used 4316K, committed 4480K, reserved 1048576K
GC Heap History (12 events):
Event: 0.736 GC heap before
{Heap before GC invocations=0 (full 0):
 garbage-first heap   total 258048K, used 20480K [0x0000000704c00000, 0x0000000800000000)
  region size 2048K, 11 young (22528K), 0 survivors (0K)
 Metaspace       used 5478K, committed 5696K, reserved 1114112K
  class space    used 655K, committed 768K, reserved 1048576K
}
Event: 0.744 GC heap after
{Heap after GC invocations=1 (full 0):
 garbage-first heap   total 258048K, used 3894K [0x0000000704c00000, 0x0000000800000000)
  region size 2048K, 2 young (4096K), 2 survivors (4096K)
 Metaspace       used 5478K, committed 5696K, reserved 1114112K
  class space    used 655K, committed 768K, reserved 1048576K
}
Event: 1.504 GC heap before
{Heap before GC invocations=1 (full 0):
 garbage-first heap   total 258048K, used 34614K [0x0000000704c00000, 0x0000000800000000)
  region size 2048K, 17 young (34816K), 2 survivors (4096K)
 Metaspace       used 9274K, committed 9408K, reserved 1114112K
  class space    used 1123K, committed 1216K, reserved 1048576K
}
Event: 1.512 GC heap after
{Heap after GC invocations=2 (full 0):
 garbage-first heap   total 258048K, used 5122K [0x0000000704c00000, 0x0000000800000000)
  region size 2048K, 1 young (2048K), 1 survivors (2048K)
 Metaspace       used 9274K, committed 9408K, reserved 1114112K
  class space    used 1123K, committed 1216K, reserved 1048576K
}
Event: 4.650 GC heap before
{Heap before GC invocations=2 (full 0):
 garbage-first heap   total 258048K, used 95234K [0x0000000704c00000, 0x0000000800000000)
  region size 2048K, 46 young (94208K), 1 survivors (2048K)
 Metaspace       used 21297K, committed 21504K, reserved 1114112K
  class space    used 2573K, committed 2688K, reserved 1048576K
}
Event: 4.664 GC heap after
{Heap after GC invocations=3 (full 0):
 garbage-first heap   total 258048K, used 12738K [0x0000000704c00000, 0x0000000800000000)
  region size 2048K, 5 young (10240K), 5 survivors (10240K)
 Metaspace       used 21297K, committed 21504K, reserved 1114112K
  class space    used 2573K, committed 2688K, reserved 1048576K
}
Event: 5.211 GC heap before
{Heap before GC invocations=4 (full 0):
 garbage-first heap   total 55296K, used 33218K [0x0000000704c00000, 0x0000000800000000)
  region size 2048K, 16 young (32768K), 5 survivors (10240K)
 Metaspace       used 24872K, committed 25152K, reserved 1114112K
  class space    used 3257K, committed 3392K, reserved 1048576K
}
Event: 5.220 GC heap after
{Heap after GC invocations=5 (full 0):
 garbage-first heap   total 55296K, used 20145K [0x0000000704c00000, 0x0000000800000000)
  region size 2048K, 2 young (4096K), 2 survivors (4096K)
 Metaspace       used 24872K, committed 25152K, reserved 1114112K
  class space    used 3257K, committed 3392K, reserved 1048576K
}
Event: 5.248 GC heap before
{Heap before GC invocations=5 (full 0):
 garbage-first heap   total 55296K, used 20145K [0x0000000704c00000, 0x0000000800000000)
  region size 2048K, 3 young (6144K), 2 survivors (4096K)
 Metaspace       used 24925K, committed 25216K, reserved 1114112K
  class space    used 3268K, committed 3392K, reserved 1048576K
}
Event: 5.253 GC heap after
{Heap after GC invocations=6 (full 0):
 garbage-first heap   total 55296K, used 22390K [0x0000000704c00000, 0x0000000800000000)
  region size 2048K, 1 young (2048K), 1 survivors (2048K)
 Metaspace       used 24925K, committed 25216K, reserved 1114112K
  class space    used 3268K, committed 3392K, reserved 1048576K
}
Event: 5.767 GC heap before
{Heap before GC invocations=6 (full 0):
 garbage-first heap   total 55296K, used 34678K [0x0000000704c00000, 0x0000000800000000)
  region size 2048K, 8 young (16384K), 1 survivors (2048K)
 Metaspace       used 27268K, committed 27584K, reserved 1114112K
  class space    used 3624K, committed 3776K, reserved 1048576K
}
Event: 5.772 GC heap after
{Heap after GC invocations=7 (full 0):
 garbage-first heap   total 157696K, used 29965K [0x0000000704c00000, 0x0000000800000000)
  region size 2048K, 1 young (2048K), 1 survivors (2048K)
 Metaspace       used 27268K, committed 27584K, reserved 1114112K
  class space    used 3624K, committed 3776K, reserved 1048576K
}

